2024/07/02 17:37:42 [notice] 1#1: using the "epoll" event method
2024/07/02 17:37:42 [notice] 1#1: nginx/1.27.0
2024/07/02 17:37:42 [notice] 1#1: built by gcc 13.2.1 20231014 (Alpine 13.2.1_git20231014) 
2024/07/02 17:37:42 [notice] 1#1: OS: Linux 6.5.0-41-generic
2024/07/02 17:37:42 [notice] 1#1: getrlimit(RLIMIT_NOFILE): 1048576:1048576
2024/07/02 17:37:42 [notice] 1#1: start worker processes
2024/07/02 17:37:42 [notice] 1#1: start worker process 29
2024/07/02 17:37:42 [notice] 1#1: start worker process 30
2024/07/02 17:37:42 [notice] 1#1: start worker process 31
2024/07/02 17:37:42 [notice] 1#1: start worker process 32
2024/07/02 17:37:42 [notice] 1#1: start worker process 33
2024/07/02 17:37:42 [notice] 1#1: start worker process 34
2024/07/02 17:37:42 [notice] 1#1: start worker process 35
2024/07/02 17:37:42 [notice] 1#1: start worker process 36
2024/07/02 17:37:42 [notice] 1#1: start worker process 37
2024/07/02 17:37:42 [notice] 1#1: start worker process 38
2024/07/02 17:37:42 [notice] 1#1: start worker process 39
2024/07/02 17:37:42 [notice] 1#1: start worker process 40
2024/07/02 17:40:30 [notice] 1#1: signal 3 (SIGQUIT) received, shutting down
2024/07/02 17:40:30 [notice] 29#29: gracefully shutting down
2024/07/02 17:40:30 [notice] 30#30: gracefully shutting down
2024/07/02 17:40:30 [notice] 31#31: gracefully shutting down
2024/07/02 17:40:30 [notice] 32#32: gracefully shutting down
2024/07/02 17:40:30 [notice] 29#29: exiting
2024/07/02 17:40:30 [notice] 30#30: exiting
2024/07/02 17:40:30 [notice] 38#38: gracefully shutting down
2024/07/02 17:40:30 [notice] 31#31: exiting
2024/07/02 17:40:30 [notice] 32#32: exiting
2024/07/02 17:40:30 [notice] 34#34: gracefully shutting down
2024/07/02 17:40:30 [notice] 38#38: exiting
2024/07/02 17:40:30 [notice] 34#34: exiting
2024/07/02 17:40:30 [notice] 40#40: gracefully shutting down
2024/07/02 17:40:30 [notice] 40#40: exiting
2024/07/02 17:40:30 [notice] 35#35: gracefully shutting down
2024/07/02 17:40:30 [notice] 35#35: exiting
2024/07/02 17:40:30 [notice] 33#33: gracefully shutting down
2024/07/02 17:40:30 [notice] 33#33: exiting
2024/07/02 17:40:30 [notice] 29#29: exit
2024/07/02 17:40:30 [notice] 32#32: exit
2024/07/02 17:40:30 [notice] 31#31: exit
2024/07/02 17:40:30 [notice] 34#34: exit
2024/07/02 17:40:30 [notice] 38#38: exit
2024/07/02 17:40:30 [notice] 40#40: exit
2024/07/02 17:40:30 [notice] 35#35: exit
2024/07/02 17:40:30 [notice] 33#33: exit
2024/07/02 17:40:30 [notice] 36#36: gracefully shutting down
2024/07/02 17:40:30 [notice] 36#36: exiting
2024/07/02 17:40:30 [notice] 36#36: exit
2024/07/02 17:40:30 [notice] 39#39: gracefully shutting down
2024/07/02 17:40:30 [notice] 39#39: exiting
2024/07/02 17:40:30 [notice] 39#39: exit
2024/07/02 17:40:30 [notice] 30#30: exit
2024/07/02 17:40:30 [notice] 37#37: gracefully shutting down
2024/07/02 17:40:30 [notice] 37#37: exiting
2024/07/02 17:40:30 [notice] 37#37: exit
2024/07/02 17:40:31 [notice] 1#1: signal 17 (SIGCHLD) received from 36
2024/07/02 17:40:31 [notice] 1#1: worker process 36 exited with code 0
2024/07/02 17:40:31 [notice] 1#1: signal 29 (SIGIO) received
2024/07/02 17:40:31 [notice] 1#1: signal 17 (SIGCHLD) received from 33
2024/07/02 17:40:31 [notice] 1#1: worker process 29 exited with code 0
2024/07/02 17:40:31 [notice] 1#1: worker process 30 exited with code 0
2024/07/02 17:40:31 [notice] 1#1: worker process 33 exited with code 0
2024/07/02 17:40:31 [notice] 1#1: worker process 35 exited with code 0
2024/07/02 17:40:31 [notice] 1#1: signal 29 (SIGIO) received
2024/07/02 17:40:31 [notice] 1#1: signal 17 (SIGCHLD) received from 35
2024/07/02 17:40:31 [notice] 1#1: signal 17 (SIGCHLD) received from 32
2024/07/02 17:40:31 [notice] 1#1: worker process 32 exited with code 0
2024/07/02 17:40:31 [notice] 1#1: worker process 38 exited with code 0
2024/07/02 17:40:31 [notice] 1#1: worker process 31 exited with code 0
2024/07/02 17:40:31 [notice] 1#1: signal 29 (SIGIO) received
2024/07/02 17:40:31 [notice] 1#1: signal 17 (SIGCHLD) received from 31
2024/07/02 17:40:31 [notice] 1#1: signal 17 (SIGCHLD) received from 34
2024/07/02 17:40:31 [notice] 1#1: worker process 34 exited with code 0
2024/07/02 17:40:31 [notice] 1#1: signal 29 (SIGIO) received
2024/07/02 17:40:31 [notice] 1#1: signal 17 (SIGCHLD) received from 39
2024/07/02 17:40:31 [notice] 1#1: worker process 39 exited with code 0
2024/07/02 17:40:31 [notice] 1#1: worker process 37 exited with code 0
2024/07/02 17:40:31 [notice] 1#1: worker process 40 exited with code 0
2024/07/02 17:40:31 [notice] 1#1: exit
2024/07/02 17:40:39 [notice] 1#1: using the "epoll" event method
2024/07/02 17:40:39 [notice] 1#1: nginx/1.27.0
2024/07/02 17:40:39 [notice] 1#1: built by gcc 13.2.1 20231014 (Alpine 13.2.1_git20231014) 
2024/07/02 17:40:39 [notice] 1#1: OS: Linux 6.5.0-41-generic
2024/07/02 17:40:39 [notice] 1#1: getrlimit(RLIMIT_NOFILE): 1048576:1048576
2024/07/02 17:40:39 [notice] 1#1: start worker processes
2024/07/02 17:40:39 [notice] 1#1: start worker process 29
2024/07/02 17:40:39 [notice] 1#1: start worker process 30
2024/07/02 17:40:39 [notice] 1#1: start worker process 31
2024/07/02 17:40:39 [notice] 1#1: start worker process 32
2024/07/02 17:40:39 [notice] 1#1: start worker process 33
2024/07/02 17:40:39 [notice] 1#1: start worker process 34
2024/07/02 17:40:39 [notice] 1#1: start worker process 35
2024/07/02 17:40:39 [notice] 1#1: start worker process 36
2024/07/02 17:40:39 [notice] 1#1: start worker process 37
2024/07/02 17:40:39 [notice] 1#1: start worker process 38
2024/07/02 17:40:39 [notice] 1#1: start worker process 39
2024/07/02 17:40:39 [notice] 1#1: start worker process 40
2024/07/02 17:42:43 [notice] 1#1: signal 3 (SIGQUIT) received, shutting down
2024/07/02 17:42:43 [notice] 30#30: gracefully shutting down
2024/07/02 17:42:43 [notice] 29#29: gracefully shutting down
2024/07/02 17:42:43 [notice] 31#31: gracefully shutting down
2024/07/02 17:42:43 [notice] 32#32: gracefully shutting down
2024/07/02 17:42:43 [notice] 33#33: gracefully shutting down
2024/07/02 17:42:43 [notice] 34#34: gracefully shutting down
2024/07/02 17:42:43 [notice] 30#30: exiting
2024/07/02 17:42:43 [notice] 36#36: gracefully shutting down
2024/07/02 17:42:43 [notice] 35#35: gracefully shutting down
2024/07/02 17:42:43 [notice] 29#29: exiting
2024/07/02 17:42:43 [notice] 31#31: exiting
2024/07/02 17:42:43 [notice] 32#32: exiting
2024/07/02 17:42:43 [notice] 33#33: exiting
2024/07/02 17:42:43 [notice] 34#34: exiting
2024/07/02 17:42:43 [notice] 36#36: exiting
2024/07/02 17:42:43 [notice] 35#35: exiting
2024/07/02 17:42:43 [notice] 30#30: exit
2024/07/02 17:42:43 [notice] 32#32: exit
2024/07/02 17:42:43 [notice] 34#34: exit
2024/07/02 17:42:43 [notice] 29#29: exit
2024/07/02 17:42:43 [notice] 35#35: exit
2024/07/02 17:42:43 [notice] 31#31: exit
2024/07/02 17:42:43 [notice] 33#33: exit
2024/07/02 17:42:43 [notice] 36#36: exit
2024/07/02 17:42:43 [notice] 38#38: gracefully shutting down
2024/07/02 17:42:43 [notice] 38#38: exiting
2024/07/02 17:42:43 [notice] 37#37: gracefully shutting down
2024/07/02 17:42:43 [notice] 37#37: exiting
2024/07/02 17:42:43 [notice] 38#38: exit
2024/07/02 17:42:43 [notice] 37#37: exit
2024/07/02 17:42:43 [notice] 40#40: gracefully shutting down
2024/07/02 17:42:43 [notice] 39#39: gracefully shutting down
2024/07/02 17:42:43 [notice] 40#40: exiting
2024/07/02 17:42:43 [notice] 39#39: exiting
2024/07/02 17:42:43 [notice] 40#40: exit
2024/07/02 17:42:43 [notice] 39#39: exit
2024/07/02 17:42:44 [notice] 1#1: signal 17 (SIGCHLD) received from 38
2024/07/02 17:42:44 [notice] 1#1: worker process 32 exited with code 0
2024/07/02 17:42:44 [notice] 1#1: worker process 38 exited with code 0
2024/07/02 17:42:44 [notice] 1#1: signal 29 (SIGIO) received
2024/07/02 17:42:44 [notice] 1#1: signal 17 (SIGCHLD) received from 33
2024/07/02 17:42:44 [notice] 1#1: worker process 33 exited with code 0
2024/07/02 17:42:44 [notice] 1#1: signal 29 (SIGIO) received
2024/07/02 17:42:44 [notice] 1#1: signal 17 (SIGCHLD) received from 29
2024/07/02 17:42:44 [notice] 1#1: worker process 29 exited with code 0
2024/07/02 17:42:44 [notice] 1#1: signal 29 (SIGIO) received
2024/07/02 17:42:44 [notice] 1#1: signal 17 (SIGCHLD) received from 40
2024/07/02 17:42:44 [notice] 1#1: worker process 31 exited with code 0
2024/07/02 17:42:44 [notice] 1#1: worker process 35 exited with code 0
2024/07/02 17:42:44 [notice] 1#1: worker process 40 exited with code 0
2024/07/02 17:42:44 [notice] 1#1: signal 29 (SIGIO) received
2024/07/02 17:42:44 [notice] 1#1: signal 17 (SIGCHLD) received from 35
2024/07/02 17:42:44 [notice] 1#1: signal 17 (SIGCHLD) received from 37
2024/07/02 17:42:44 [notice] 1#1: worker process 37 exited with code 0
2024/07/02 17:42:44 [notice] 1#1: signal 29 (SIGIO) received
2024/07/02 17:42:44 [notice] 1#1: signal 17 (SIGCHLD) received from 30
2024/07/02 17:42:44 [notice] 1#1: worker process 30 exited with code 0
2024/07/02 17:42:44 [notice] 1#1: worker process 39 exited with code 0
2024/07/02 17:42:44 [notice] 1#1: signal 29 (SIGIO) received
2024/07/02 17:42:44 [notice] 1#1: signal 17 (SIGCHLD) received from 39
2024/07/02 17:42:44 [notice] 1#1: signal 17 (SIGCHLD) received from 36
2024/07/02 17:42:44 [notice] 1#1: worker process 36 exited with code 0
2024/07/02 17:42:44 [notice] 1#1: signal 29 (SIGIO) received
2024/07/02 17:42:44 [notice] 1#1: signal 17 (SIGCHLD) received from 34
2024/07/02 17:42:44 [notice] 1#1: worker process 34 exited with code 0
2024/07/02 17:42:44 [notice] 1#1: exit
2024/07/02 17:42:53 [notice] 1#1: using the "epoll" event method
2024/07/02 17:42:53 [notice] 1#1: nginx/1.27.0
2024/07/02 17:42:53 [notice] 1#1: built by gcc 13.2.1 20231014 (Alpine 13.2.1_git20231014) 
2024/07/02 17:42:53 [notice] 1#1: OS: Linux 6.5.0-41-generic
2024/07/02 17:42:53 [notice] 1#1: getrlimit(RLIMIT_NOFILE): 1048576:1048576
2024/07/02 17:42:53 [notice] 1#1: start worker processes
2024/07/02 17:42:53 [notice] 1#1: start worker process 29
2024/07/02 17:42:53 [notice] 1#1: start worker process 30
2024/07/02 17:42:53 [notice] 1#1: start worker process 31
2024/07/02 17:42:53 [notice] 1#1: start worker process 32
2024/07/02 17:42:53 [notice] 1#1: start worker process 33
2024/07/02 17:42:53 [notice] 1#1: start worker process 34
2024/07/02 17:42:53 [notice] 1#1: start worker process 35
2024/07/02 17:42:53 [notice] 1#1: start worker process 36
2024/07/02 17:42:53 [notice] 1#1: start worker process 37
2024/07/02 17:42:53 [notice] 1#1: start worker process 38
2024/07/02 17:42:53 [notice] 1#1: start worker process 39
2024/07/02 17:42:53 [notice] 1#1: start worker process 40
2024/07/02 17:53:55 [notice] 1#1: signal 3 (SIGQUIT) received, shutting down
2024/07/02 17:53:55 [notice] 29#29: gracefully shutting down
2024/07/02 17:53:55 [notice] 30#30: gracefully shutting down
2024/07/02 17:53:55 [notice] 31#31: gracefully shutting down
2024/07/02 17:53:55 [notice] 32#32: gracefully shutting down
2024/07/02 17:53:55 [notice] 33#33: gracefully shutting down
2024/07/02 17:53:55 [notice] 29#29: exiting
2024/07/02 17:53:55 [notice] 30#30: exiting
2024/07/02 17:53:55 [notice] 31#31: exiting
2024/07/02 17:53:55 [notice] 32#32: exiting
2024/07/02 17:53:55 [notice] 33#33: exiting
2024/07/02 17:53:55 [notice] 34#34: gracefully shutting down
2024/07/02 17:53:55 [notice] 35#35: gracefully shutting down
2024/07/02 17:53:55 [notice] 36#36: gracefully shutting down
2024/07/02 17:53:55 [notice] 34#34: exiting
2024/07/02 17:53:55 [notice] 39#39: gracefully shutting down
2024/07/02 17:53:55 [notice] 35#35: exiting
2024/07/02 17:53:55 [notice] 36#36: exiting
2024/07/02 17:53:55 [notice] 39#39: exiting
2024/07/02 17:53:55 [notice] 40#40: gracefully shutting down
2024/07/02 17:53:55 [notice] 40#40: exiting
2024/07/02 17:53:55 [notice] 32#32: exit
2024/07/02 17:53:55 [notice] 29#29: exit
2024/07/02 17:53:55 [notice] 31#31: exit
2024/07/02 17:53:55 [notice] 33#33: exit
2024/07/02 17:53:55 [notice] 34#34: exit
2024/07/02 17:53:55 [notice] 36#36: exit
2024/07/02 17:53:55 [notice] 35#35: exit
2024/07/02 17:53:55 [notice] 39#39: exit
2024/07/02 17:53:55 [notice] 40#40: exit
2024/07/02 17:53:55 [notice] 38#38: gracefully shutting down
2024/07/02 17:53:55 [notice] 38#38: exiting
2024/07/02 17:53:55 [notice] 38#38: exit
2024/07/02 17:53:55 [notice] 37#37: gracefully shutting down
2024/07/02 17:53:55 [notice] 37#37: exiting
2024/07/02 17:53:55 [notice] 30#30: exit
2024/07/02 17:53:55 [notice] 37#37: exit
2024/07/02 17:53:55 [notice] 1#1: signal 17 (SIGCHLD) received from 35
2024/07/02 17:53:55 [notice] 1#1: worker process 35 exited with code 0
2024/07/02 17:53:55 [notice] 1#1: signal 29 (SIGIO) received
2024/07/02 17:53:55 [notice] 1#1: signal 17 (SIGCHLD) received from 33
2024/07/02 17:53:55 [notice] 1#1: worker process 33 exited with code 0
2024/07/02 17:53:55 [notice] 1#1: worker process 37 exited with code 0
2024/07/02 17:53:55 [notice] 1#1: signal 29 (SIGIO) received
2024/07/02 17:53:55 [notice] 1#1: signal 17 (SIGCHLD) received from 37
2024/07/02 17:53:55 [notice] 1#1: signal 17 (SIGCHLD) received from 29
2024/07/02 17:53:55 [notice] 1#1: worker process 29 exited with code 0
2024/07/02 17:53:55 [notice] 1#1: signal 29 (SIGIO) received
2024/07/02 17:53:55 [notice] 1#1: signal 17 (SIGCHLD) received from 40
2024/07/02 17:53:55 [notice] 1#1: worker process 40 exited with code 0
2024/07/02 17:53:55 [notice] 1#1: signal 29 (SIGIO) received
2024/07/02 17:53:55 [notice] 1#1: signal 17 (SIGCHLD) received from 31
2024/07/02 17:53:55 [notice] 1#1: worker process 31 exited with code 0
2024/07/02 17:53:55 [notice] 1#1: signal 29 (SIGIO) received
2024/07/02 17:53:55 [notice] 1#1: signal 17 (SIGCHLD) received from 32
2024/07/02 17:53:55 [notice] 1#1: worker process 32 exited with code 0
2024/07/02 17:53:55 [notice] 1#1: worker process 38 exited with code 0
2024/07/02 17:53:55 [notice] 1#1: signal 29 (SIGIO) received
2024/07/02 17:53:55 [notice] 1#1: signal 17 (SIGCHLD) received from 38
2024/07/02 17:53:55 [notice] 1#1: signal 17 (SIGCHLD) received from 34
2024/07/02 17:53:55 [notice] 1#1: worker process 34 exited with code 0
2024/07/02 17:53:55 [notice] 1#1: signal 29 (SIGIO) received
2024/07/02 17:53:55 [notice] 1#1: signal 17 (SIGCHLD) received from 39
2024/07/02 17:53:55 [notice] 1#1: worker process 39 exited with code 0
2024/07/02 17:53:55 [notice] 1#1: signal 29 (SIGIO) received
2024/07/02 17:53:55 [notice] 1#1: signal 17 (SIGCHLD) received from 36
2024/07/02 17:53:55 [notice] 1#1: worker process 36 exited with code 0
2024/07/02 17:53:55 [notice] 1#1: signal 29 (SIGIO) received
2024/07/02 17:53:55 [notice] 1#1: signal 17 (SIGCHLD) received from 30
2024/07/02 17:53:55 [notice] 1#1: worker process 30 exited with code 0
2024/07/02 17:53:55 [notice] 1#1: exit
2024/07/02 17:54:05 [notice] 1#1: using the "epoll" event method
2024/07/02 17:54:05 [notice] 1#1: nginx/1.27.0
2024/07/02 17:54:05 [notice] 1#1: built by gcc 13.2.1 20231014 (Alpine 13.2.1_git20231014) 
2024/07/02 17:54:05 [notice] 1#1: OS: Linux 6.5.0-41-generic
2024/07/02 17:54:05 [notice] 1#1: getrlimit(RLIMIT_NOFILE): 1048576:1048576
2024/07/02 17:54:05 [notice] 1#1: start worker processes
2024/07/02 17:54:05 [notice] 1#1: start worker process 29
2024/07/02 17:54:05 [notice] 1#1: start worker process 30
2024/07/02 17:54:05 [notice] 1#1: start worker process 31
2024/07/02 17:54:05 [notice] 1#1: start worker process 32
2024/07/02 17:54:05 [notice] 1#1: start worker process 33
2024/07/02 17:54:05 [notice] 1#1: start worker process 34
2024/07/02 17:54:05 [notice] 1#1: start worker process 35
2024/07/02 17:54:05 [notice] 1#1: start worker process 36
2024/07/02 17:54:05 [notice] 1#1: start worker process 37
2024/07/02 17:54:05 [notice] 1#1: start worker process 38
2024/07/02 17:54:05 [notice] 1#1: start worker process 39
2024/07/02 17:54:05 [notice] 1#1: start worker process 40
2024/07/02 17:59:28 [notice] 1#1: signal 3 (SIGQUIT) received, shutting down
2024/07/02 17:59:28 [notice] 31#31: gracefully shutting down
2024/07/02 17:59:28 [notice] 33#33: gracefully shutting down
2024/07/02 17:59:28 [notice] 29#29: gracefully shutting down
2024/07/02 17:59:28 [notice] 35#35: gracefully shutting down
2024/07/02 17:59:28 [notice] 31#31: exiting
2024/07/02 17:59:28 [notice] 33#33: exiting
2024/07/02 17:59:28 [notice] 34#34: gracefully shutting down
2024/07/02 17:59:28 [notice] 29#29: exiting
2024/07/02 17:59:28 [notice] 40#40: gracefully shutting down
2024/07/02 17:59:28 [notice] 35#35: exiting
2024/07/02 17:59:28 [notice] 34#34: exiting
2024/07/02 17:59:28 [notice] 40#40: exiting
2024/07/02 17:59:28 [notice] 39#39: gracefully shutting down
2024/07/02 17:59:28 [notice] 39#39: exiting
2024/07/02 17:59:28 [notice] 38#38: gracefully shutting down
2024/07/02 17:59:28 [notice] 38#38: exiting
2024/07/02 17:59:28 [notice] 33#33: exit
2024/07/02 17:59:28 [notice] 29#29: exit
2024/07/02 17:59:28 [notice] 31#31: exit
2024/07/02 17:59:28 [notice] 34#34: exit
2024/07/02 17:59:28 [notice] 35#35: exit
2024/07/02 17:59:28 [notice] 40#40: exit
2024/07/02 17:59:28 [notice] 39#39: exit
2024/07/02 17:59:28 [notice] 38#38: exit
2024/07/02 17:59:28 [notice] 30#30: gracefully shutting down
2024/07/02 17:59:28 [notice] 30#30: exiting
2024/07/02 17:59:28 [notice] 30#30: exit
2024/07/02 17:59:28 [notice] 36#36: gracefully shutting down
2024/07/02 17:59:28 [notice] 36#36: exiting
2024/07/02 17:59:28 [notice] 37#37: gracefully shutting down
2024/07/02 17:59:28 [notice] 37#37: exiting
2024/07/02 17:59:28 [notice] 36#36: exit
2024/07/02 17:59:28 [notice] 37#37: exit
2024/07/02 17:59:28 [notice] 32#32: gracefully shutting down
2024/07/02 17:59:28 [notice] 32#32: exiting
2024/07/02 17:59:28 [notice] 32#32: exit
2024/07/02 17:59:28 [notice] 1#1: signal 17 (SIGCHLD) received from 36
2024/07/02 17:59:28 [notice] 1#1: worker process 31 exited with code 0
2024/07/02 17:59:28 [notice] 1#1: worker process 36 exited with code 0
2024/07/02 17:59:28 [notice] 1#1: signal 29 (SIGIO) received
2024/07/02 17:59:28 [notice] 1#1: signal 17 (SIGCHLD) received from 40
2024/07/02 17:59:28 [notice] 1#1: worker process 40 exited with code 0
2024/07/02 17:59:28 [notice] 1#1: signal 29 (SIGIO) received
2024/07/02 17:59:28 [notice] 1#1: signal 17 (SIGCHLD) received from 33
2024/07/02 17:59:28 [notice] 1#1: worker process 33 exited with code 0
2024/07/02 17:59:28 [notice] 1#1: signal 29 (SIGIO) received
2024/07/02 17:59:28 [notice] 1#1: signal 17 (SIGCHLD) received from 37
2024/07/02 17:59:28 [notice] 1#1: worker process 30 exited with code 0
2024/07/02 17:59:28 [notice] 1#1: worker process 37 exited with code 0
2024/07/02 17:59:28 [notice] 1#1: worker process 38 exited with code 0
2024/07/02 17:59:28 [notice] 1#1: signal 29 (SIGIO) received
2024/07/02 17:59:28 [notice] 1#1: signal 17 (SIGCHLD) received from 34
2024/07/02 17:59:28 [notice] 1#1: worker process 32 exited with code 0
2024/07/02 17:59:28 [notice] 1#1: worker process 34 exited with code 0
2024/07/02 17:59:28 [notice] 1#1: worker process 35 exited with code 0
2024/07/02 17:59:28 [notice] 1#1: worker process 39 exited with code 0
2024/07/02 17:59:28 [notice] 1#1: signal 29 (SIGIO) received
2024/07/02 17:59:28 [notice] 1#1: signal 17 (SIGCHLD) received from 29
2024/07/02 17:59:28 [notice] 1#1: worker process 29 exited with code 0
2024/07/02 17:59:28 [notice] 1#1: exit
2024/07/02 17:59:36 [notice] 1#1: using the "epoll" event method
2024/07/02 17:59:36 [notice] 1#1: nginx/1.27.0
2024/07/02 17:59:36 [notice] 1#1: built by gcc 13.2.1 20231014 (Alpine 13.2.1_git20231014) 
2024/07/02 17:59:36 [notice] 1#1: OS: Linux 6.5.0-41-generic
2024/07/02 17:59:36 [notice] 1#1: getrlimit(RLIMIT_NOFILE): 1048576:1048576
2024/07/02 17:59:36 [notice] 1#1: start worker processes
2024/07/02 17:59:36 [notice] 1#1: start worker process 29
2024/07/02 17:59:36 [notice] 1#1: start worker process 30
2024/07/02 17:59:36 [notice] 1#1: start worker process 31
2024/07/02 17:59:36 [notice] 1#1: start worker process 32
2024/07/02 17:59:36 [notice] 1#1: start worker process 33
2024/07/02 17:59:36 [notice] 1#1: start worker process 34
2024/07/02 17:59:36 [notice] 1#1: start worker process 35
2024/07/02 17:59:36 [notice] 1#1: start worker process 36
2024/07/02 17:59:36 [notice] 1#1: start worker process 37
2024/07/02 17:59:36 [notice] 1#1: start worker process 38
2024/07/02 17:59:36 [notice] 1#1: start worker process 39
2024/07/02 17:59:36 [notice] 1#1: start worker process 40
2024/07/02 18:29:19 [notice] 1#1: signal 3 (SIGQUIT) received, shutting down
2024/07/02 18:29:19 [notice] 29#29: gracefully shutting down
2024/07/02 18:29:19 [notice] 30#30: gracefully shutting down
2024/07/02 18:29:19 [notice] 31#31: gracefully shutting down
2024/07/02 18:29:19 [notice] 32#32: gracefully shutting down
2024/07/02 18:29:19 [notice] 34#34: gracefully shutting down
2024/07/02 18:29:19 [notice] 35#35: gracefully shutting down
2024/07/02 18:29:19 [notice] 33#33: gracefully shutting down
2024/07/02 18:29:19 [notice] 29#29: exiting
2024/07/02 18:29:19 [notice] 37#37: gracefully shutting down
2024/07/02 18:29:19 [notice] 30#30: exiting
2024/07/02 18:29:19 [notice] 39#39: gracefully shutting down
2024/07/02 18:29:19 [notice] 40#40: gracefully shutting down
2024/07/02 18:29:19 [notice] 31#31: exiting
2024/07/02 18:29:19 [notice] 32#32: exiting
2024/07/02 18:29:19 [notice] 34#34: exiting
2024/07/02 18:29:19 [notice] 35#35: exiting
2024/07/02 18:29:19 [notice] 33#33: exiting
2024/07/02 18:29:19 [notice] 37#37: exiting
2024/07/02 18:29:19 [notice] 39#39: exiting
2024/07/02 18:29:19 [notice] 40#40: exiting
2024/07/02 18:29:19 [notice] 29#29: exit
2024/07/02 18:29:19 [notice] 31#31: exit
2024/07/02 18:29:19 [notice] 30#30: exit
2024/07/02 18:29:19 [notice] 39#39: exit
2024/07/02 18:29:19 [notice] 35#35: exit
2024/07/02 18:29:19 [notice] 32#32: exit
2024/07/02 18:29:19 [notice] 34#34: exit
2024/07/02 18:29:19 [notice] 33#33: exit
2024/07/02 18:29:19 [notice] 40#40: exit
2024/07/02 18:29:19 [notice] 37#37: exit
2024/07/02 18:29:19 [notice] 36#36: gracefully shutting down
2024/07/02 18:29:19 [notice] 36#36: exiting
2024/07/02 18:29:19 [notice] 38#38: gracefully shutting down
2024/07/02 18:29:19 [notice] 38#38: exiting
2024/07/02 18:29:19 [notice] 36#36: exit
2024/07/02 18:29:19 [notice] 38#38: exit
2024/07/02 18:29:19 [notice] 1#1: signal 17 (SIGCHLD) received from 36
2024/07/02 18:29:19 [notice] 1#1: worker process 29 exited with code 0
2024/07/02 18:29:19 [notice] 1#1: worker process 33 exited with code 0
2024/07/02 18:29:19 [notice] 1#1: worker process 36 exited with code 0
2024/07/02 18:29:19 [notice] 1#1: worker process 37 exited with code 0
2024/07/02 18:29:19 [notice] 1#1: worker process 39 exited with code 0
2024/07/02 18:29:19 [notice] 1#1: signal 29 (SIGIO) received
2024/07/02 18:29:19 [notice] 1#1: signal 17 (SIGCHLD) received from 39
2024/07/02 18:29:19 [notice] 1#1: signal 17 (SIGCHLD) received from 35
2024/07/02 18:29:19 [notice] 1#1: worker process 32 exited with code 0
2024/07/02 18:29:19 [notice] 1#1: worker process 35 exited with code 0
2024/07/02 18:29:19 [notice] 1#1: signal 29 (SIGIO) received
2024/07/02 18:29:19 [notice] 1#1: signal 17 (SIGCHLD) received from 31
2024/07/02 18:29:19 [notice] 1#1: worker process 31 exited with code 0
2024/07/02 18:29:19 [notice] 1#1: worker process 34 exited with code 0
2024/07/02 18:29:19 [notice] 1#1: signal 29 (SIGIO) received
2024/07/02 18:29:19 [notice] 1#1: signal 17 (SIGCHLD) received from 30
2024/07/02 18:29:19 [notice] 1#1: worker process 30 exited with code 0
2024/07/02 18:29:19 [notice] 1#1: worker process 38 exited with code 0
2024/07/02 18:29:19 [notice] 1#1: signal 29 (SIGIO) received
2024/07/02 18:29:19 [notice] 1#1: signal 17 (SIGCHLD) received from 40
2024/07/02 18:29:19 [notice] 1#1: worker process 40 exited with code 0
2024/07/02 18:29:19 [notice] 1#1: exit
2024/07/02 18:30:29 [notice] 1#1: using the "epoll" event method
2024/07/02 18:30:29 [notice] 1#1: nginx/1.27.0
2024/07/02 18:30:29 [notice] 1#1: built by gcc 13.2.1 20231014 (Alpine 13.2.1_git20231014) 
2024/07/02 18:30:29 [notice] 1#1: OS: Linux 6.5.0-41-generic
2024/07/02 18:30:29 [notice] 1#1: getrlimit(RLIMIT_NOFILE): 1048576:1048576
2024/07/02 18:30:29 [notice] 1#1: start worker processes
2024/07/02 18:30:29 [notice] 1#1: start worker process 29
2024/07/02 18:30:29 [notice] 1#1: start worker process 30
2024/07/02 18:30:29 [notice] 1#1: start worker process 31
2024/07/02 18:30:29 [notice] 1#1: start worker process 32
2024/07/02 18:30:29 [notice] 1#1: start worker process 33
2024/07/02 18:30:29 [notice] 1#1: start worker process 34
2024/07/02 18:30:29 [notice] 1#1: start worker process 35
2024/07/02 18:30:29 [notice] 1#1: start worker process 36
2024/07/02 18:30:29 [notice] 1#1: start worker process 37
2024/07/02 18:30:29 [notice] 1#1: start worker process 38
2024/07/02 18:30:29 [notice] 1#1: start worker process 39
2024/07/02 18:30:29 [notice] 1#1: start worker process 40
2024/07/03 14:05:31 [notice] 1#1: signal 3 (SIGQUIT) received, shutting down
2024/07/03 14:05:31 [notice] 29#29: gracefully shutting down
2024/07/03 14:05:31 [notice] 30#30: gracefully shutting down
2024/07/03 14:05:31 [notice] 33#33: gracefully shutting down
2024/07/03 14:05:31 [notice] 29#29: exiting
2024/07/03 14:05:31 [notice] 30#30: exiting
2024/07/03 14:05:31 [notice] 33#33: exiting
2024/07/03 14:05:31 [notice] 40#40: gracefully shutting down
2024/07/03 14:05:31 [notice] 31#31: gracefully shutting down
2024/07/03 14:05:31 [notice] 40#40: exiting
2024/07/03 14:05:31 [notice] 31#31: exiting
2024/07/03 14:05:31 [notice] 29#29: exit
2024/07/03 14:05:31 [notice] 33#33: exit
2024/07/03 14:05:31 [notice] 30#30: exit
2024/07/03 14:05:31 [notice] 40#40: exit
2024/07/03 14:05:31 [notice] 31#31: exit
2024/07/03 14:05:31 [notice] 32#32: gracefully shutting down
2024/07/03 14:05:31 [notice] 34#34: gracefully shutting down
2024/07/03 14:05:31 [notice] 32#32: exiting
2024/07/03 14:05:31 [notice] 34#34: exiting
2024/07/03 14:05:31 [notice] 35#35: gracefully shutting down
2024/07/03 14:05:31 [notice] 35#35: exiting
2024/07/03 14:05:31 [notice] 34#34: exit
2024/07/03 14:05:31 [notice] 32#32: exit
2024/07/03 14:05:31 [notice] 35#35: exit
2024/07/03 14:05:31 [notice] 36#36: gracefully shutting down
2024/07/03 14:05:31 [notice] 36#36: exiting
2024/07/03 14:05:31 [notice] 37#37: gracefully shutting down
2024/07/03 14:05:31 [notice] 37#37: exiting
2024/07/03 14:05:31 [notice] 36#36: exit
2024/07/03 14:05:31 [notice] 38#38: gracefully shutting down
2024/07/03 14:05:31 [notice] 38#38: exiting
2024/07/03 14:05:31 [notice] 39#39: gracefully shutting down
2024/07/03 14:05:31 [notice] 37#37: exit
2024/07/03 14:05:31 [notice] 39#39: exiting
2024/07/03 14:05:31 [notice] 38#38: exit
2024/07/03 14:05:31 [notice] 39#39: exit
2024/07/03 14:05:31 [notice] 1#1: signal 17 (SIGCHLD) received from 35
2024/07/03 14:05:31 [notice] 1#1: worker process 35 exited with code 0
2024/07/03 14:05:31 [notice] 1#1: worker process 39 exited with code 0
2024/07/03 14:05:31 [notice] 1#1: signal 29 (SIGIO) received
2024/07/03 14:05:31 [notice] 1#1: signal 17 (SIGCHLD) received from 39
2024/07/03 14:05:31 [notice] 1#1: signal 17 (SIGCHLD) received from 32
2024/07/03 14:05:31 [notice] 1#1: worker process 32 exited with code 0
2024/07/03 14:05:31 [notice] 1#1: worker process 40 exited with code 0
2024/07/03 14:05:31 [notice] 1#1: signal 29 (SIGIO) received
2024/07/03 14:05:31 [notice] 1#1: signal 17 (SIGCHLD) received from 36
2024/07/03 14:05:31 [notice] 1#1: worker process 36 exited with code 0
2024/07/03 14:05:31 [notice] 1#1: signal 29 (SIGIO) received
2024/07/03 14:05:31 [notice] 1#1: signal 17 (SIGCHLD) received from 34
2024/07/03 14:05:31 [notice] 1#1: worker process 34 exited with code 0
2024/07/03 14:05:31 [notice] 1#1: signal 29 (SIGIO) received
2024/07/03 14:05:31 [notice] 1#1: signal 17 (SIGCHLD) received from 29
2024/07/03 14:05:31 [notice] 1#1: worker process 29 exited with code 0
2024/07/03 14:05:31 [notice] 1#1: worker process 33 exited with code 0
2024/07/03 14:05:31 [notice] 1#1: worker process 37 exited with code 0
2024/07/03 14:05:31 [notice] 1#1: signal 29 (SIGIO) received
2024/07/03 14:05:31 [notice] 1#1: signal 17 (SIGCHLD) received from 37
2024/07/03 14:05:31 [notice] 1#1: signal 17 (SIGCHLD) received from 30
2024/07/03 14:05:31 [notice] 1#1: worker process 30 exited with code 0
2024/07/03 14:05:31 [notice] 1#1: signal 29 (SIGIO) received
2024/07/03 14:05:31 [notice] 1#1: signal 17 (SIGCHLD) received from 31
2024/07/03 14:05:31 [notice] 1#1: worker process 31 exited with code 0
2024/07/03 14:05:31 [notice] 1#1: worker process 38 exited with code 0
2024/07/03 14:05:31 [notice] 1#1: exit
2024/07/03 14:07:36 [notice] 1#1: using the "epoll" event method
2024/07/03 14:07:36 [notice] 1#1: nginx/1.27.0
2024/07/03 14:07:36 [notice] 1#1: built by gcc 13.2.1 20231014 (Alpine 13.2.1_git20231014) 
2024/07/03 14:07:36 [notice] 1#1: OS: Linux 6.5.0-41-generic
2024/07/03 14:07:36 [notice] 1#1: getrlimit(RLIMIT_NOFILE): 1048576:1048576
2024/07/03 14:07:36 [notice] 1#1: start worker processes
2024/07/03 14:07:36 [notice] 1#1: start worker process 29
2024/07/03 14:07:36 [notice] 1#1: start worker process 30
2024/07/03 14:07:36 [notice] 1#1: start worker process 31
2024/07/03 14:07:36 [notice] 1#1: start worker process 32
2024/07/03 14:07:36 [notice] 1#1: start worker process 33
2024/07/03 14:07:36 [notice] 1#1: start worker process 34
2024/07/03 14:07:36 [notice] 1#1: start worker process 35
2024/07/03 14:07:36 [notice] 1#1: start worker process 36
2024/07/03 14:07:36 [notice] 1#1: start worker process 37
2024/07/03 14:07:36 [notice] 1#1: start worker process 38
2024/07/03 14:07:36 [notice] 1#1: start worker process 39
2024/07/03 14:07:36 [notice] 1#1: start worker process 40
2024/07/03 14:08:06 [notice] 1#1: signal 3 (SIGQUIT) received, shutting down
2024/07/03 14:08:06 [notice] 29#29: gracefully shutting down
2024/07/03 14:08:06 [notice] 31#31: gracefully shutting down
2024/07/03 14:08:06 [notice] 30#30: gracefully shutting down
2024/07/03 14:08:06 [notice] 32#32: gracefully shutting down
2024/07/03 14:08:06 [notice] 34#34: gracefully shutting down
2024/07/03 14:08:06 [notice] 35#35: gracefully shutting down
2024/07/03 14:08:06 [notice] 29#29: exiting
2024/07/03 14:08:06 [notice] 31#31: exiting
2024/07/03 14:08:06 [notice] 39#39: gracefully shutting down
2024/07/03 14:08:06 [notice] 37#37: gracefully shutting down
2024/07/03 14:08:06 [notice] 30#30: exiting
2024/07/03 14:08:06 [notice] 32#32: exiting
2024/07/03 14:08:06 [notice] 40#40: gracefully shutting down
2024/07/03 14:08:06 [notice] 34#34: exiting
2024/07/03 14:08:06 [notice] 35#35: exiting
2024/07/03 14:08:06 [notice] 39#39: exiting
2024/07/03 14:08:06 [notice] 37#37: exiting
2024/07/03 14:08:06 [notice] 40#40: exiting
2024/07/03 14:08:06 [notice] 29#29: exit
2024/07/03 14:08:06 [notice] 31#31: exit
2024/07/03 14:08:06 [notice] 32#32: exit
2024/07/03 14:08:06 [notice] 30#30: exit
2024/07/03 14:08:06 [notice] 34#34: exit
2024/07/03 14:08:06 [notice] 39#39: exit
2024/07/03 14:08:06 [notice] 37#37: exit
2024/07/03 14:08:06 [notice] 35#35: exit
2024/07/03 14:08:06 [notice] 40#40: exit
2024/07/03 14:08:06 [notice] 33#33: gracefully shutting down
2024/07/03 14:08:06 [notice] 33#33: exiting
2024/07/03 14:08:06 [notice] 33#33: exit
2024/07/03 14:08:06 [notice] 36#36: gracefully shutting down
2024/07/03 14:08:06 [notice] 36#36: exiting
2024/07/03 14:08:06 [notice] 38#38: gracefully shutting down
2024/07/03 14:08:06 [notice] 38#38: exiting
2024/07/03 14:08:06 [notice] 36#36: exit
2024/07/03 14:08:06 [notice] 38#38: exit
2024/07/03 14:08:06 [notice] 1#1: signal 17 (SIGCHLD) received from 39
2024/07/03 14:08:06 [notice] 1#1: worker process 39 exited with code 0
2024/07/03 14:08:06 [notice] 1#1: signal 29 (SIGIO) received
2024/07/03 14:08:06 [notice] 1#1: signal 17 (SIGCHLD) received from 33
2024/07/03 14:08:06 [notice] 1#1: worker process 32 exited with code 0
2024/07/03 14:08:06 [notice] 1#1: worker process 33 exited with code 0
2024/07/03 14:08:06 [notice] 1#1: worker process 34 exited with code 0
2024/07/03 14:08:06 [notice] 1#1: worker process 35 exited with code 0
2024/07/03 14:08:06 [notice] 1#1: worker process 40 exited with code 0
2024/07/03 14:08:06 [notice] 1#1: signal 29 (SIGIO) received
2024/07/03 14:08:06 [notice] 1#1: signal 17 (SIGCHLD) received from 32
2024/07/03 14:08:06 [notice] 1#1: signal 17 (SIGCHLD) received from 31
2024/07/03 14:08:06 [notice] 1#1: worker process 31 exited with code 0
2024/07/03 14:08:06 [notice] 1#1: signal 29 (SIGIO) received
2024/07/03 14:08:06 [notice] 1#1: signal 17 (SIGCHLD) received from 37
2024/07/03 14:08:06 [notice] 1#1: worker process 37 exited with code 0
2024/07/03 14:08:06 [notice] 1#1: signal 29 (SIGIO) received
2024/07/03 14:08:06 [notice] 1#1: signal 17 (SIGCHLD) received from 38
2024/07/03 14:08:06 [notice] 1#1: worker process 30 exited with code 0
2024/07/03 14:08:06 [notice] 1#1: worker process 38 exited with code 0
2024/07/03 14:08:06 [notice] 1#1: signal 29 (SIGIO) received
2024/07/03 14:08:06 [notice] 1#1: signal 17 (SIGCHLD) received from 30
2024/07/03 14:08:06 [notice] 1#1: signal 17 (SIGCHLD) received from 36
2024/07/03 14:08:06 [notice] 1#1: worker process 29 exited with code 0
2024/07/03 14:08:06 [notice] 1#1: worker process 36 exited with code 0
2024/07/03 14:08:06 [notice] 1#1: exit
2024/07/03 14:08:42 [notice] 1#1: using the "epoll" event method
2024/07/03 14:08:42 [notice] 1#1: nginx/1.27.0
2024/07/03 14:08:42 [notice] 1#1: built by gcc 13.2.1 20231014 (Alpine 13.2.1_git20231014) 
2024/07/03 14:08:42 [notice] 1#1: OS: Linux 6.5.0-41-generic
2024/07/03 14:08:42 [notice] 1#1: getrlimit(RLIMIT_NOFILE): 1048576:1048576
2024/07/03 14:08:42 [notice] 1#1: start worker processes
2024/07/03 14:08:42 [notice] 1#1: start worker process 29
2024/07/03 14:08:42 [notice] 1#1: start worker process 30
2024/07/03 14:08:42 [notice] 1#1: start worker process 31
2024/07/03 14:08:42 [notice] 1#1: start worker process 32
2024/07/03 14:08:42 [notice] 1#1: start worker process 33
2024/07/03 14:08:42 [notice] 1#1: start worker process 34
2024/07/03 14:08:42 [notice] 1#1: start worker process 35
2024/07/03 14:08:42 [notice] 1#1: start worker process 36
2024/07/03 14:08:42 [notice] 1#1: start worker process 37
2024/07/03 14:08:42 [notice] 1#1: start worker process 38
2024/07/03 14:08:42 [notice] 1#1: start worker process 39
2024/07/03 14:08:42 [notice] 1#1: start worker process 40
2024/07/03 14:11:20 [notice] 1#1: signal 3 (SIGQUIT) received, shutting down
2024/07/03 14:11:20 [notice] 29#29: gracefully shutting down
2024/07/03 14:11:20 [notice] 30#30: gracefully shutting down
2024/07/03 14:11:20 [notice] 31#31: gracefully shutting down
2024/07/03 14:11:20 [notice] 32#32: gracefully shutting down
2024/07/03 14:11:20 [notice] 33#33: gracefully shutting down
2024/07/03 14:11:20 [notice] 34#34: gracefully shutting down
2024/07/03 14:11:20 [notice] 29#29: exiting
2024/07/03 14:11:20 [notice] 30#30: exiting
2024/07/03 14:11:20 [notice] 31#31: exiting
2024/07/03 14:11:20 [notice] 32#32: exiting
2024/07/03 14:11:20 [notice] 33#33: exiting
2024/07/03 14:11:20 [notice] 34#34: exiting
2024/07/03 14:11:20 [notice] 31#31: exit
2024/07/03 14:11:20 [notice] 29#29: exit
2024/07/03 14:11:20 [notice] 33#33: exit
2024/07/03 14:11:20 [notice] 32#32: exit
2024/07/03 14:11:20 [notice] 30#30: exit
2024/07/03 14:11:20 [notice] 34#34: exit
2024/07/03 14:11:20 [notice] 35#35: gracefully shutting down
2024/07/03 14:11:20 [notice] 36#36: gracefully shutting down
2024/07/03 14:11:20 [notice] 35#35: exiting
2024/07/03 14:11:20 [notice] 36#36: exiting
2024/07/03 14:11:20 [notice] 39#39: gracefully shutting down
2024/07/03 14:11:20 [notice] 40#40: gracefully shutting down
2024/07/03 14:11:20 [notice] 39#39: exiting
2024/07/03 14:11:20 [notice] 40#40: exiting
2024/07/03 14:11:20 [notice] 35#35: exit
2024/07/03 14:11:20 [notice] 36#36: exit
2024/07/03 14:11:20 [notice] 39#39: exit
2024/07/03 14:11:20 [notice] 40#40: exit
2024/07/03 14:11:20 [notice] 38#38: gracefully shutting down
2024/07/03 14:11:20 [notice] 38#38: exiting
2024/07/03 14:11:20 [notice] 38#38: exit
2024/07/03 14:11:20 [notice] 37#37: gracefully shutting down
2024/07/03 14:11:20 [notice] 37#37: exiting
2024/07/03 14:11:20 [notice] 37#37: exit
2024/07/03 14:11:20 [notice] 1#1: signal 17 (SIGCHLD) received from 38
2024/07/03 14:11:20 [notice] 1#1: worker process 32 exited with code 0
2024/07/03 14:11:20 [notice] 1#1: worker process 38 exited with code 0
2024/07/03 14:11:20 [notice] 1#1: signal 29 (SIGIO) received
2024/07/03 14:11:20 [notice] 1#1: signal 17 (SIGCHLD) received from 35
2024/07/03 14:11:20 [notice] 1#1: worker process 34 exited with code 0
2024/07/03 14:11:20 [notice] 1#1: worker process 31 exited with code 0
2024/07/03 14:11:20 [notice] 1#1: worker process 33 exited with code 0
2024/07/03 14:11:20 [notice] 1#1: worker process 35 exited with code 0
2024/07/03 14:11:20 [notice] 1#1: signal 29 (SIGIO) received
2024/07/03 14:11:20 [notice] 1#1: signal 17 (SIGCHLD) received from 34
2024/07/03 14:11:20 [notice] 1#1: signal 17 (SIGCHLD) received from 40
2024/07/03 14:11:20 [notice] 1#1: worker process 40 exited with code 0
2024/07/03 14:11:20 [notice] 1#1: signal 29 (SIGIO) received
2024/07/03 14:11:20 [notice] 1#1: signal 17 (SIGCHLD) received from 36
2024/07/03 14:11:20 [notice] 1#1: worker process 36 exited with code 0
2024/07/03 14:11:20 [notice] 1#1: signal 29 (SIGIO) received
2024/07/03 14:11:20 [notice] 1#1: signal 17 (SIGCHLD) received from 30
2024/07/03 14:11:20 [notice] 1#1: worker process 30 exited with code 0
2024/07/03 14:11:20 [notice] 1#1: worker process 37 exited with code 0
2024/07/03 14:11:20 [notice] 1#1: worker process 29 exited with code 0
2024/07/03 14:11:20 [notice] 1#1: worker process 39 exited with code 0
2024/07/03 14:11:20 [notice] 1#1: exit
2024/07/03 14:13:08 [notice] 1#1: using the "epoll" event method
2024/07/03 14:13:08 [notice] 1#1: nginx/1.27.0
2024/07/03 14:13:08 [notice] 1#1: built by gcc 13.2.1 20231014 (Alpine 13.2.1_git20231014) 
2024/07/03 14:13:08 [notice] 1#1: OS: Linux 6.5.0-41-generic
2024/07/03 14:13:08 [notice] 1#1: getrlimit(RLIMIT_NOFILE): 1048576:1048576
2024/07/03 14:13:08 [notice] 1#1: start worker processes
2024/07/03 14:13:08 [notice] 1#1: start worker process 29
2024/07/03 14:13:08 [notice] 1#1: start worker process 30
2024/07/03 14:13:08 [notice] 1#1: start worker process 31
2024/07/03 14:13:08 [notice] 1#1: start worker process 32
2024/07/03 14:13:08 [notice] 1#1: start worker process 33
2024/07/03 14:13:08 [notice] 1#1: start worker process 34
2024/07/03 14:13:08 [notice] 1#1: start worker process 35
2024/07/03 14:13:08 [notice] 1#1: start worker process 36
2024/07/03 14:13:08 [notice] 1#1: start worker process 37
2024/07/03 14:13:08 [notice] 1#1: start worker process 38
2024/07/03 14:13:08 [notice] 1#1: start worker process 39
2024/07/03 14:13:08 [notice] 1#1: start worker process 40
2024/07/03 14:16:57 [notice] 1#1: signal 3 (SIGQUIT) received, shutting down
2024/07/03 14:16:57 [notice] 29#29: gracefully shutting down
2024/07/03 14:16:57 [notice] 30#30: gracefully shutting down
2024/07/03 14:16:57 [notice] 33#33: gracefully shutting down
2024/07/03 14:16:57 [notice] 35#35: gracefully shutting down
2024/07/03 14:16:57 [notice] 29#29: exiting
2024/07/03 14:16:57 [notice] 30#30: exiting
2024/07/03 14:16:57 [notice] 38#38: gracefully shutting down
2024/07/03 14:16:57 [notice] 39#39: gracefully shutting down
2024/07/03 14:16:57 [notice] 33#33: exiting
2024/07/03 14:16:57 [notice] 36#36: gracefully shutting down
2024/07/03 14:16:57 [notice] 35#35: exiting
2024/07/03 14:16:57 [notice] 40#40: gracefully shutting down
2024/07/03 14:16:57 [notice] 38#38: exiting
2024/07/03 14:16:57 [notice] 39#39: exiting
2024/07/03 14:16:57 [notice] 36#36: exiting
2024/07/03 14:16:57 [notice] 40#40: exiting
2024/07/03 14:16:57 [notice] 30#30: exit
2024/07/03 14:16:57 [notice] 29#29: exit
2024/07/03 14:16:57 [notice] 33#33: exit
2024/07/03 14:16:57 [notice] 35#35: exit
2024/07/03 14:16:57 [notice] 39#39: exit
2024/07/03 14:16:57 [notice] 38#38: exit
2024/07/03 14:16:57 [notice] 40#40: exit
2024/07/03 14:16:57 [notice] 36#36: exit
2024/07/03 14:16:57 [notice] 34#34: gracefully shutting down
2024/07/03 14:16:57 [notice] 34#34: exiting
2024/07/03 14:16:57 [notice] 34#34: exit
2024/07/03 14:16:57 [notice] 32#32: gracefully shutting down
2024/07/03 14:16:57 [notice] 31#31: gracefully shutting down
2024/07/03 14:16:57 [notice] 32#32: exiting
2024/07/03 14:16:57 [notice] 37#37: gracefully shutting down
2024/07/03 14:16:57 [notice] 31#31: exiting
2024/07/03 14:16:57 [notice] 37#37: exiting
2024/07/03 14:16:57 [notice] 32#32: exit
2024/07/03 14:16:57 [notice] 31#31: exit
2024/07/03 14:16:57 [notice] 37#37: exit
2024/07/03 14:16:57 [notice] 1#1: signal 17 (SIGCHLD) received from 29
2024/07/03 14:16:57 [notice] 1#1: worker process 29 exited with code 0
2024/07/03 14:16:57 [notice] 1#1: signal 29 (SIGIO) received
2024/07/03 14:16:57 [notice] 1#1: signal 17 (SIGCHLD) received from 40
2024/07/03 14:16:57 [notice] 1#1: worker process 31 exited with code 0
2024/07/03 14:16:57 [notice] 1#1: worker process 33 exited with code 0
2024/07/03 14:16:57 [notice] 1#1: worker process 36 exited with code 0
2024/07/03 14:16:57 [notice] 1#1: worker process 38 exited with code 0
2024/07/03 14:16:57 [notice] 1#1: worker process 39 exited with code 0
2024/07/03 14:16:57 [notice] 1#1: worker process 40 exited with code 0
2024/07/03 14:16:57 [notice] 1#1: signal 29 (SIGIO) received
2024/07/03 14:16:57 [notice] 1#1: signal 17 (SIGCHLD) received from 36
2024/07/03 14:16:57 [notice] 1#1: signal 17 (SIGCHLD) received from 34
2024/07/03 14:16:57 [notice] 1#1: worker process 34 exited with code 0
2024/07/03 14:16:57 [notice] 1#1: worker process 35 exited with code 0
2024/07/03 14:16:57 [notice] 1#1: worker process 37 exited with code 0
2024/07/03 14:16:57 [notice] 1#1: signal 29 (SIGIO) received
2024/07/03 14:16:57 [notice] 1#1: signal 17 (SIGCHLD) received from 32
2024/07/03 14:16:57 [notice] 1#1: worker process 32 exited with code 0
2024/07/03 14:16:57 [notice] 1#1: signal 17 (SIGCHLD) received from 30
2024/07/03 14:16:57 [notice] 1#1: worker process 30 exited with code 0
2024/07/03 14:16:57 [notice] 1#1: exit
2024/07/03 14:21:20 [notice] 1#1: using the "epoll" event method
2024/07/03 14:21:20 [notice] 1#1: nginx/1.27.0
2024/07/03 14:21:20 [notice] 1#1: built by gcc 13.2.1 20231014 (Alpine 13.2.1_git20231014) 
2024/07/03 14:21:20 [notice] 1#1: OS: Linux 6.5.0-41-generic
2024/07/03 14:21:20 [notice] 1#1: getrlimit(RLIMIT_NOFILE): 1048576:1048576
2024/07/03 14:21:20 [notice] 1#1: start worker processes
2024/07/03 14:21:20 [notice] 1#1: start worker process 29
2024/07/03 14:21:20 [notice] 1#1: start worker process 30
2024/07/03 14:21:20 [notice] 1#1: start worker process 31
2024/07/03 14:21:20 [notice] 1#1: start worker process 32
2024/07/03 14:21:20 [notice] 1#1: start worker process 33
2024/07/03 14:21:20 [notice] 1#1: start worker process 34
2024/07/03 14:21:20 [notice] 1#1: start worker process 35
2024/07/03 14:21:20 [notice] 1#1: start worker process 36
2024/07/03 14:21:20 [notice] 1#1: start worker process 37
2024/07/03 14:21:20 [notice] 1#1: start worker process 38
2024/07/03 14:21:20 [notice] 1#1: start worker process 39
2024/07/03 14:21:20 [notice] 1#1: start worker process 40
2024/07/03 14:31:49 [notice] 1#1: signal 3 (SIGQUIT) received, shutting down
2024/07/03 14:31:49 [notice] 29#29: gracefully shutting down
2024/07/03 14:31:49 [notice] 31#31: gracefully shutting down
2024/07/03 14:31:49 [notice] 32#32: gracefully shutting down
2024/07/03 14:31:49 [notice] 34#34: gracefully shutting down
2024/07/03 14:31:49 [notice] 33#33: gracefully shutting down
2024/07/03 14:31:49 [notice] 35#35: gracefully shutting down
2024/07/03 14:31:49 [notice] 29#29: exiting
2024/07/03 14:31:49 [notice] 38#38: gracefully shutting down
2024/07/03 14:31:49 [notice] 31#31: exiting
2024/07/03 14:31:49 [notice] 39#39: gracefully shutting down
2024/07/03 14:31:49 [notice] 32#32: exiting
2024/07/03 14:31:49 [notice] 34#34: exiting
2024/07/03 14:31:49 [notice] 33#33: exiting
2024/07/03 14:31:49 [notice] 40#40: gracefully shutting down
2024/07/03 14:31:49 [notice] 35#35: exiting
2024/07/03 14:31:49 [notice] 38#38: exiting
2024/07/03 14:31:49 [notice] 39#39: exiting
2024/07/03 14:31:49 [notice] 40#40: exiting
2024/07/03 14:31:49 [notice] 29#29: exit
2024/07/03 14:31:49 [notice] 31#31: exit
2024/07/03 14:31:49 [notice] 32#32: exit
2024/07/03 14:31:49 [notice] 34#34: exit
2024/07/03 14:31:49 [notice] 33#33: exit
2024/07/03 14:31:49 [notice] 35#35: exit
2024/07/03 14:31:49 [notice] 40#40: exit
2024/07/03 14:31:49 [notice] 38#38: exit
2024/07/03 14:31:49 [notice] 39#39: exit
2024/07/03 14:31:49 [notice] 30#30: gracefully shutting down
2024/07/03 14:31:49 [notice] 30#30: exiting
2024/07/03 14:31:49 [notice] 36#36: gracefully shutting down
2024/07/03 14:31:49 [notice] 36#36: exiting
2024/07/03 14:31:49 [notice] 37#37: gracefully shutting down
2024/07/03 14:31:49 [notice] 37#37: exiting
2024/07/03 14:31:49 [notice] 30#30: exit
2024/07/03 14:31:49 [notice] 36#36: exit
2024/07/03 14:31:49 [notice] 37#37: exit
2024/07/03 14:31:49 [notice] 1#1: signal 17 (SIGCHLD) received from 40
2024/07/03 14:31:49 [notice] 1#1: worker process 29 exited with code 0
2024/07/03 14:31:49 [notice] 1#1: worker process 40 exited with code 0
2024/07/03 14:31:49 [notice] 1#1: signal 29 (SIGIO) received
2024/07/03 14:31:49 [notice] 1#1: signal 17 (SIGCHLD) received from 34
2024/07/03 14:31:49 [notice] 1#1: worker process 34 exited with code 0
2024/07/03 14:31:49 [notice] 1#1: signal 29 (SIGIO) received
2024/07/03 14:31:49 [notice] 1#1: signal 17 (SIGCHLD) received from 30
2024/07/03 14:31:49 [notice] 1#1: worker process 30 exited with code 0
2024/07/03 14:31:49 [notice] 1#1: worker process 32 exited with code 0
2024/07/03 14:31:49 [notice] 1#1: worker process 39 exited with code 0
2024/07/03 14:31:49 [notice] 1#1: signal 29 (SIGIO) received
2024/07/03 14:31:49 [notice] 1#1: signal 17 (SIGCHLD) received from 32
2024/07/03 14:31:49 [notice] 1#1: worker process 36 exited with code 0
2024/07/03 14:31:49 [notice] 1#1: signal 29 (SIGIO) received
2024/07/03 14:31:49 [notice] 1#1: signal 17 (SIGCHLD) received from 38
2024/07/03 14:31:49 [notice] 1#1: worker process 38 exited with code 0
2024/07/03 14:31:49 [notice] 1#1: signal 29 (SIGIO) received
2024/07/03 14:31:49 [notice] 1#1: signal 17 (SIGCHLD) received from 35
2024/07/03 14:31:49 [notice] 1#1: worker process 35 exited with code 0
2024/07/03 14:31:49 [notice] 1#1: worker process 37 exited with code 0
2024/07/03 14:31:49 [notice] 1#1: signal 29 (SIGIO) received
2024/07/03 14:31:49 [notice] 1#1: signal 17 (SIGCHLD) received from 33
2024/07/03 14:31:49 [notice] 1#1: worker process 33 exited with code 0
2024/07/03 14:31:49 [notice] 1#1: signal 17 (SIGCHLD) received from 31
2024/07/03 14:31:49 [notice] 1#1: worker process 31 exited with code 0
2024/07/03 14:31:49 [notice] 1#1: exit
2024/07/03 14:32:11 [notice] 1#1: using the "epoll" event method
2024/07/03 14:32:11 [notice] 1#1: nginx/1.27.0
2024/07/03 14:32:11 [notice] 1#1: built by gcc 13.2.1 20231014 (Alpine 13.2.1_git20231014) 
2024/07/03 14:32:11 [notice] 1#1: OS: Linux 6.5.0-41-generic
2024/07/03 14:32:11 [notice] 1#1: getrlimit(RLIMIT_NOFILE): 1048576:1048576
2024/07/03 14:32:11 [notice] 1#1: start worker processes
2024/07/03 14:32:11 [notice] 1#1: start worker process 29
2024/07/03 14:32:11 [notice] 1#1: start worker process 30
2024/07/03 14:32:11 [notice] 1#1: start worker process 31
2024/07/03 14:32:11 [notice] 1#1: start worker process 32
2024/07/03 14:32:11 [notice] 1#1: start worker process 33
2024/07/03 14:32:11 [notice] 1#1: start worker process 34
2024/07/03 14:32:11 [notice] 1#1: start worker process 35
2024/07/03 14:32:11 [notice] 1#1: start worker process 36
2024/07/03 14:32:11 [notice] 1#1: start worker process 37
2024/07/03 14:32:11 [notice] 1#1: start worker process 38
2024/07/03 14:32:11 [notice] 1#1: start worker process 39
2024/07/03 14:32:11 [notice] 1#1: start worker process 40
2024/07/03 14:44:06 [notice] 1#1: signal 3 (SIGQUIT) received, shutting down
2024/07/03 14:44:06 [notice] 30#30: gracefully shutting down
2024/07/03 14:44:06 [notice] 31#31: gracefully shutting down
2024/07/03 14:44:06 [notice] 32#32: gracefully shutting down
2024/07/03 14:44:06 [notice] 33#33: gracefully shutting down
2024/07/03 14:44:06 [notice] 35#35: gracefully shutting down
2024/07/03 14:44:06 [notice] 29#29: gracefully shutting down
2024/07/03 14:44:06 [notice] 34#34: gracefully shutting down
2024/07/03 14:44:06 [notice] 30#30: exiting
2024/07/03 14:44:06 [notice] 36#36: gracefully shutting down
2024/07/03 14:44:06 [notice] 31#31: exiting
2024/07/03 14:44:06 [notice] 37#37: gracefully shutting down
2024/07/03 14:44:06 [notice] 32#32: exiting
2024/07/03 14:44:06 [notice] 38#38: gracefully shutting down
2024/07/03 14:44:06 [notice] 33#33: exiting
2024/07/03 14:44:06 [notice] 35#35: exiting
2024/07/03 14:44:06 [notice] 29#29: exiting
2024/07/03 14:44:06 [notice] 34#34: exiting
2024/07/03 14:44:06 [notice] 36#36: exiting
2024/07/03 14:44:06 [notice] 37#37: exiting
2024/07/03 14:44:06 [notice] 38#38: exiting
2024/07/03 14:44:06 [notice] 30#30: exit
2024/07/03 14:44:06 [notice] 31#31: exit
2024/07/03 14:44:06 [notice] 32#32: exit
2024/07/03 14:44:06 [notice] 33#33: exit
2024/07/03 14:44:06 [notice] 34#34: exit
2024/07/03 14:44:06 [notice] 29#29: exit
2024/07/03 14:44:06 [notice] 35#35: exit
2024/07/03 14:44:06 [notice] 38#38: exit
2024/07/03 14:44:06 [notice] 36#36: exit
2024/07/03 14:44:06 [notice] 37#37: exit
2024/07/03 14:44:06 [notice] 39#39: gracefully shutting down
2024/07/03 14:44:06 [notice] 39#39: exiting
2024/07/03 14:44:06 [notice] 39#39: exit
2024/07/03 14:44:06 [notice] 40#40: gracefully shutting down
2024/07/03 14:44:06 [notice] 40#40: exiting
2024/07/03 14:44:06 [notice] 40#40: exit
2024/07/03 14:44:06 [notice] 1#1: signal 17 (SIGCHLD) received from 32
2024/07/03 14:44:06 [notice] 1#1: worker process 32 exited with code 0
2024/07/03 14:44:06 [notice] 1#1: signal 29 (SIGIO) received
2024/07/03 14:44:06 [notice] 1#1: signal 17 (SIGCHLD) received from 35
2024/07/03 14:44:06 [notice] 1#1: worker process 35 exited with code 0
2024/07/03 14:44:06 [notice] 1#1: signal 29 (SIGIO) received
2024/07/03 14:44:06 [notice] 1#1: signal 17 (SIGCHLD) received from 30
2024/07/03 14:44:06 [notice] 1#1: worker process 30 exited with code 0
2024/07/03 14:44:06 [notice] 1#1: worker process 33 exited with code 0
2024/07/03 14:44:06 [notice] 1#1: worker process 39 exited with code 0
2024/07/03 14:44:06 [notice] 1#1: signal 29 (SIGIO) received
2024/07/03 14:44:06 [notice] 1#1: signal 17 (SIGCHLD) received from 33
2024/07/03 14:44:06 [notice] 1#1: signal 17 (SIGCHLD) received from 34
2024/07/03 14:44:06 [notice] 1#1: worker process 31 exited with code 0
2024/07/03 14:44:06 [notice] 1#1: worker process 34 exited with code 0
2024/07/03 14:44:06 [notice] 1#1: worker process 37 exited with code 0
2024/07/03 14:44:06 [notice] 1#1: worker process 40 exited with code 0
2024/07/03 14:44:06 [notice] 1#1: signal 29 (SIGIO) received
2024/07/03 14:44:06 [notice] 1#1: signal 17 (SIGCHLD) received from 40
2024/07/03 14:44:06 [notice] 1#1: signal 17 (SIGCHLD) received from 36
2024/07/03 14:44:06 [notice] 1#1: worker process 29 exited with code 0
2024/07/03 14:44:06 [notice] 1#1: worker process 36 exited with code 0
2024/07/03 14:44:06 [notice] 1#1: signal 29 (SIGIO) received
2024/07/03 14:44:06 [notice] 1#1: signal 17 (SIGCHLD) received from 38
2024/07/03 14:44:06 [notice] 1#1: worker process 38 exited with code 0
2024/07/03 14:44:06 [notice] 1#1: exit
2024/07/03 14:44:37 [notice] 1#1: using the "epoll" event method
2024/07/03 14:44:37 [notice] 1#1: nginx/1.27.0
2024/07/03 14:44:37 [notice] 1#1: built by gcc 13.2.1 20231014 (Alpine 13.2.1_git20231014) 
2024/07/03 14:44:37 [notice] 1#1: OS: Linux 6.5.0-41-generic
2024/07/03 14:44:37 [notice] 1#1: getrlimit(RLIMIT_NOFILE): 1048576:1048576
2024/07/03 14:44:37 [notice] 1#1: start worker processes
2024/07/03 14:44:37 [notice] 1#1: start worker process 29
2024/07/03 14:44:37 [notice] 1#1: start worker process 30
2024/07/03 14:44:37 [notice] 1#1: start worker process 31
2024/07/03 14:44:37 [notice] 1#1: start worker process 32
2024/07/03 14:44:37 [notice] 1#1: start worker process 33
2024/07/03 14:44:37 [notice] 1#1: start worker process 34
2024/07/03 14:44:37 [notice] 1#1: start worker process 35
2024/07/03 14:44:37 [notice] 1#1: start worker process 36
2024/07/03 14:44:37 [notice] 1#1: start worker process 37
2024/07/03 14:44:37 [notice] 1#1: start worker process 38
2024/07/03 14:44:37 [notice] 1#1: start worker process 39
2024/07/03 14:44:37 [notice] 1#1: start worker process 40
